Arguments: 
  /usr/local/Cellar/node/17.8.0/bin/node /usr/local/bin/yarn add jwt_decode

PATH: 
  /usr/local/bin:/usr/bin:/bin:/usr/sbin:/sbin

Yarn version: 
  1.22.18

Node version: 
  17.8.0

Platform: 
  darwin x64

Trace: 
  Error: https://registry.yarnpkg.com/jwt_decode: Not found
      at Request.params.callback [as _callback] (/usr/local/lib/node_modules/yarn/lib/cli.js:66138:18)
      at Request.self.callback (/usr/local/lib/node_modules/yarn/lib/cli.js:140883:22)
      at Request.emit (node:events:527:28)
      at Request.<anonymous> (/usr/local/lib/node_modules/yarn/lib/cli.js:141855:10)
      at Request.emit (node:events:527:28)
      at IncomingMessage.<anonymous> (/usr/local/lib/node_modules/yarn/lib/cli.js:141777:12)
      at Object.onceWrapper (node:events:641:28)
      at IncomingMessage.emit (node:events:539:35)
      at endReadableNT (node:internal/streams/readable:1345:12)
      at processTicksAndRejections (node:internal/process/task_queues:83:21)

npm manifest: 
  {
      "name": "upvotes-store",
      "version": "0.0.1",
      "main": "index.js",
      "type": "module",
      "contributors": [
          {
              "name": "Aaron"
          },
          {
              "name": "Oscar"
          }
      ],
      "license": "MIT"
  }

yarn manifest: 
  No manifest

Lockfile: 
  No lockfile
